[debug] [2023-02-25T15:46:31.601Z] ----------------------------------------------------------------------
[debug] [2023-02-25T15:46:31.603Z] Command:       C:\Program Files\nodejs\node.exe C:\Users\lgrau\AppData\Roaming\npm\node_modules\firebase-tools\lib\bin\firebase.js init
[debug] [2023-02-25T15:46:31.604Z] CLI Version:   11.24.0
[debug] [2023-02-25T15:46:31.604Z] Platform:      win32
[debug] [2023-02-25T15:46:31.604Z] Node Version:  v16.16.0
[debug] [2023-02-25T15:46:31.605Z] Time:          Sat Feb 25 2023 16:46:31 GMT+0100 (hora estándar de Europa central)
[debug] [2023-02-25T15:46:31.605Z] ----------------------------------------------------------------------
[debug] 
[debug] [2023-02-25T15:46:31.614Z] > command requires scopes: ["email","openid","https://www.googleapis.com/auth/cloudplatformprojects.readonly","https://www.googleapis.com/auth/firebase","https://www.googleapis.com/auth/cloud-platform"]
[debug] [2023-02-25T15:46:31.614Z] > authorizing via signed-in user (lgraul87@gmail.com)
[info] 
     ######## #### ########  ######## ########     ###     ######  ########
     ##        ##  ##     ## ##       ##     ##  ##   ##  ##       ##
     ######    ##  ########  ######   ########  #########  ######  ######
     ##        ##  ##    ##  ##       ##     ## ##     ##       ## ##
     ##       #### ##     ## ######## ########  ##     ##  ######  ########

You're about to initialize a Firebase project in this directory:

  C:\Users\lgrau\Desktop\skylauncher-radar

[info] 
=== Project Setup
[info] 
[info] First, let's associate this project directory with a Firebase project.
[info] You can create multiple project aliases by running firebase use --add, 
[info] but for now we'll just set up a default project.
[info] 
[debug] [2023-02-25T15:46:44.355Z] >>> [apiv2][query] GET https://firebase.googleapis.com/v1beta1/projects pageSize=100
[debug] [2023-02-25T15:46:44.869Z] <<< [apiv2][status] GET https://firebase.googleapis.com/v1beta1/projects 200
[debug] [2023-02-25T15:46:44.870Z] <<< [apiv2][body] GET https://firebase.googleapis.com/v1beta1/projects [omitted]
[info] i  Using project skylauncher-radar (skylauncher-radar) 
[info] 
=== Hosting Setup
[info] 
[info] Your public directory is the folder (relative to your project directory) that
[info] will contain Hosting assets to be uploaded with firebase deploy. If you
[info] have a build process for your assets, use your build's output directory.
[info] 
[debug] [2023-02-25T15:47:06.098Z] >>> [apiv2][query] GET https://www.gstatic.com/firebasejs/releases.json [none]
[debug] [2023-02-25T15:47:06.205Z] <<< [apiv2][status] GET https://www.gstatic.com/firebasejs/releases.json 200
[debug] [2023-02-25T15:47:06.206Z] <<< [apiv2][body] GET https://www.gstatic.com/firebasejs/releases.json {"current":{"version":"9.17.1","browserURL":"https://www.gstatic.com/firebasejs/9.17.1/firebase.js","packageURL":"https://www.gstatic.com/firebasejs/9.17.1/firebase.tgz"},"live":{"version":"9.17","browserURL":"https://www.gstatic.com/firebasejs/live/9.17/firebase.js","packageURL":"https://www.gstatic.com/firebasejs/live/9.17/firebase.tgz"},"components":{"analytics":"https://www.gstatic.com/firebasejs/9.17.1/firebase-analytics.js","app":"https://www.gstatic.com/firebasejs/9.17.1/firebase-app.js","app-check":"https://www.gstatic.com/firebasejs/9.17.1/firebase-app-check.js","auth":"https://www.gstatic.com/firebasejs/9.17.1/firebase-auth.js","auth/cordova":"https://www.gstatic.com/firebasejs/9.17.1/firebase-auth/cordova.js","auth/react-native":"https://www.gstatic.com/firebasejs/9.17.1/firebase-auth/react-native.js","functions":"https://www.gstatic.com/firebasejs/9.17.1/firebase-functions.js","firestore":"https://www.gstatic.com/firebasejs/9.17.1/firebase-firestore.js","firestore/lite":"https://www.gstatic.com/firebasejs/9.17.1/firebase-firestore/lite.js","installations":"https://www.gstatic.com/firebasejs/9.17.1/firebase-installations.js","storage":"https://www.gstatic.com/firebasejs/9.17.1/firebase-storage.js","performance":"https://www.gstatic.com/firebasejs/9.17.1/firebase-performance.js","remote-config":"https://www.gstatic.com/firebasejs/9.17.1/firebase-remote-config.js","messaging":"https://www.gstatic.com/firebasejs/9.17.1/firebase-messaging.js","messaging/sw":"https://www.gstatic.com/firebasejs/9.17.1/firebase-messaging/sw.js","database":"https://www.gstatic.com/firebasejs/9.17.1/firebase-database.js","firestore.memory":"https://www.gstatic.com/firebasejs/9.17.1/firebase-firestore.memory.js"}}
[info] +  Wrote public/index.html 
[info] 
[info] i  Detected a .git folder at C:\Users\lgrau\Desktop\skylauncher-radar 
[info] i  Authorizing with GitHub to upload your service account to a GitHub repository's secrets store. 
[info] 
[info] Visit this URL on this device to log in:
[info] https://github.com/login/oauth/authorize?client_id=89cf50f02ac6aaed3484&state=889250433&redirect_uri=http%3A%2F%2Flocalhost%3A9005&scope=read%3Auser%20repo%20public_repo
[info] 
[info] Waiting for authentication...
[debug] [2023-02-25T15:47:07.029Z] >>> [apiv2][query] POST https://github.com/login/oauth/access_token [none]
[debug] [2023-02-25T15:47:07.029Z] >>> [apiv2][body] POST https://github.com/login/oauth/access_token [stream]
[debug] [2023-02-25T15:47:07.408Z] <<< [apiv2][status] POST https://github.com/login/oauth/access_token 200
[debug] [2023-02-25T15:47:07.409Z] <<< [apiv2][body] POST https://github.com/login/oauth/access_token {"access_token":"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","token_type":"bearer","scope":"read:user,repo"}
[debug] [2023-02-25T15:47:07.417Z] >>> [apiv2][query] GET https://api.github.com/user [none]
[debug] [2023-02-25T15:47:07.775Z] <<< [apiv2][status] GET https://api.github.com/user 200
[debug] [2023-02-25T15:47:07.775Z] <<< [apiv2][body] GET https://api.github.com/user {"login":"lgraul87","id":58847155,"node_id":"MDQ6VXNlcjU4ODQ3MTU1","avatar_url":"https://avatars.githubusercontent.com/u/58847155?v=4","gravatar_id":"","url":"https://api.github.com/users/lgraul87","html_url":"https://github.com/lgraul87","followers_url":"https://api.github.com/users/lgraul87/followers","following_url":"https://api.github.com/users/lgraul87/following{/other_user}","gists_url":"https://api.github.com/users/lgraul87/gists{/gist_id}","starred_url":"https://api.github.com/users/lgraul87/starred{/owner}{/repo}","subscriptions_url":"https://api.github.com/users/lgraul87/subscriptions","organizations_url":"https://api.github.com/users/lgraul87/orgs","repos_url":"https://api.github.com/users/lgraul87/repos","events_url":"https://api.github.com/users/lgraul87/events{/privacy}","received_events_url":"https://api.github.com/users/lgraul87/received_events","type":"User","site_admin":false,"name":"Raúl Lora Gómez","company":null,"blog":"","location":null,"email":null,"hireable":null,"bio":null,"twitter_username":null,"public_repos":38,"public_gists":0,"followers":1,"following":1,"created_at":"2019-12-13T10:16:48Z","updated_at":"2023-02-25T13:11:14Z","private_gists":0,"total_private_repos":9,"owned_private_repos":9,"disk_usage":423754,"collaborators":1,"two_factor_authentication":false,"plan":{"name":"pro","space":976562499,"collaborators":0,"private_repos":9999}}
[info] 
[info] +  Success! Logged into GitHub as lgraul87 
[info] 
[debug] [2023-02-25T15:47:27.930Z] >>> [apiv2][query] GET https://api.github.com/repos/lgraul87/skylauncher-radar/actions/secrets/public-key type=owner
[debug] [2023-02-25T15:47:28.196Z] <<< [apiv2][status] GET https://api.github.com/repos/lgraul87/skylauncher-radar/actions/secrets/public-key 404
[debug] [2023-02-25T15:47:28.196Z] <<< [apiv2][body] GET https://api.github.com/repos/lgraul87/skylauncher-radar/actions/secrets/public-key {"message":"Not Found","documentation_url":"https://docs.github.com/rest/reference/actions#get-a-repository-public-key"}
[debug] [2023-02-25T15:47:35.993Z] >>> [apiv2][query] GET https://api.github.com/repos/lgraul87/skylauncher-radar/actions/secrets/public-key type=owner
[debug] [2023-02-25T15:47:36.264Z] <<< [apiv2][status] GET https://api.github.com/repos/lgraul87/skylauncher-radar/actions/secrets/public-key 404
[debug] [2023-02-25T15:47:36.265Z] <<< [apiv2][body] GET https://api.github.com/repos/lgraul87/skylauncher-radar/actions/secrets/public-key {"message":"Not Found","documentation_url":"https://docs.github.com/rest/reference/actions#get-a-repository-public-key"}
